<?xml version="1.0" encoding="UTF-8"?>
<testsuite xmlns:xsi="http://www.w3.org/2001/XMLSchema-instance" xsi:noNamespaceSchemaLocation="https://maven.apache.org/surefire/maven-surefire-plugin/xsd/surefire-test-report-3.0.xsd" version="3.0" name="bo.cirrus.tickets.eneida.GreetingTest" time="2.4" tests="5" errors="0" skipped="0" failures="0">
  <properties>
    <property name="gopherProxySet" value="false"/>
    <property name="awt.toolkit" value="sun.lwawt.macosx.LWCToolkit"/>
    <property name="java.specification.version" value="11"/>
    <property name="vertx.cacheDirBase" value="/tmp/quarkus"/>
    <property name="sun.cpu.isalist" value=""/>
    <property name="sun.jnu.encoding" value="UTF-8"/>
    <property name="test.url" value="http://localhost:8081"/>
    <property name="java.class.path" value="/Users/eneidagonzales/proyects/git/cirrus-git-hub/eventos.bo/backend/lambda-quarkus-tickets-eneida/lambda-quarkus-tickets-eneida/target/test-classes:/Users/eneidagonzales/proyects/git/cirrus-git-hub/eventos.bo/backend/lambda-quarkus-tickets-eneida/lambda-quarkus-tickets-eneida/target/classes:/Users/eneidagonzales/.m2/repository/io/quarkus/quarkus-resteasy/3.1.1.Final/quarkus-resteasy-3.1.1.Final.jar:/Users/eneidagonzales/.m2/repository/io/quarkus/quarkus-vertx-http/3.1.1.Final/quarkus-vertx-http-3.1.1.Final.jar:/Users/eneidagonzales/.m2/repository/io/quarkus/quarkus-security-runtime-spi/3.1.1.Final/quarkus-security-runtime-spi-3.1.1.Final.jar:/Users/eneidagonzales/.m2/repository/io/quarkus/quarkus-credentials/3.1.1.Final/quarkus-credentials-3.1.1.Final.jar:/Users/eneidagonzales/.m2/repository/io/quarkus/quarkus-mutiny/3.1.1.Final/quarkus-mutiny-3.1.1.Final.jar:/Users/eneidagonzales/.m2/repository/io/quarkus/quarkus-smallrye-context-propagation/3.1.1.Final/quarkus-smallrye-context-propagation-3.1.1.Final.jar:/Users/eneidagonzales/.m2/repository/io/smallrye/smallrye-context-propagation/2.1.0/smallrye-context-propagation-2.1.0.jar:/Users/eneidagonzales/.m2/repository/io/smallrye/smallrye-context-propagation-api/2.1.0/smallrye-context-propagation-api-2.1.0.jar:/Users/eneidagonzales/.m2/repository/io/smallrye/smallrye-context-propagation-storage/2.1.0/smallrye-context-propagation-storage-2.1.0.jar:/Users/eneidagonzales/.m2/repository/io/smallrye/reactive/mutiny-smallrye-context-propagation/2.1.0/mutiny-smallrye-context-propagation-2.1.0.jar:/Users/eneidagonzales/.m2/repository/io/smallrye/common/smallrye-common-vertx-context/2.1.0/smallrye-common-vertx-context-2.1.0.jar:/Users/eneidagonzales/.m2/repository/io/smallrye/common/smallrye-common-constraint/2.1.0/smallrye-common-constraint-2.1.0.jar:/Users/eneidagonzales/.m2/repository/io/quarkus/quarkus-vertx-http-dev-console-runtime-spi/3.1.1.Final/quarkus-vertx-http-dev-console-runtime-spi-3.1.1.Final.jar:/Users/eneidagonzales/.m2/repository/io/smallrye/reactive/smallrye-mutiny-vertx-web/3.4.1/smallrye-mutiny-vertx-web-3.4.1.jar:/Users/eneidagonzales/.m2/repository/io/smallrye/reactive/smallrye-mutiny-vertx-web-common/3.4.1/smallrye-mutiny-vertx-web-common-3.4.1.jar:/Users/eneidagonzales/.m2/repository/io/smallrye/reactive/smallrye-mutiny-vertx-auth-common/3.4.1/smallrye-mutiny-vertx-auth-common-3.4.1.jar:/Users/eneidagonzales/.m2/repository/io/smallrye/reactive/smallrye-mutiny-vertx-bridge-common/3.4.1/smallrye-mutiny-vertx-bridge-common-3.4.1.jar:/Users/eneidagonzales/.m2/repository/io/smallrye/reactive/smallrye-mutiny-vertx-uri-template/3.4.1/smallrye-mutiny-vertx-uri-template-3.4.1.jar:/Users/eneidagonzales/.m2/repository/io/vertx/vertx-uri-template/4.4.2/vertx-uri-template-4.4.2.jar:/Users/eneidagonzales/.m2/repository/io/vertx/vertx-web/4.4.2/vertx-web-4.4.2.jar:/Users/eneidagonzales/.m2/repository/io/vertx/vertx-web-common/4.4.2/vertx-web-common-4.4.2.jar:/Users/eneidagonzales/.m2/repository/io/vertx/vertx-auth-common/4.4.2/vertx-auth-common-4.4.2.jar:/Users/eneidagonzales/.m2/repository/io/vertx/vertx-bridge-common/4.4.2/vertx-bridge-common-4.4.2.jar:/Users/eneidagonzales/.m2/repository/io/github/crac/org-crac/0.1.3/org-crac-0.1.3.jar:/Users/eneidagonzales/.m2/repository/io/quarkus/quarkus-resteasy-server-common/3.1.1.Final/quarkus-resteasy-server-common-3.1.1.Final.jar:/Users/eneidagonzales/.m2/repository/io/quarkus/quarkus-resteasy-common/3.1.1.Final/quarkus-resteasy-common-3.1.1.Final.jar:/Users/eneidagonzales/.m2/repository/org/jboss/resteasy/resteasy-core/6.2.4.Final/resteasy-core-6.2.4.Final.jar:/Users/eneidagonzales/.m2/repository/jakarta/xml/bind/jakarta.xml.bind-api/4.0.0/jakarta.xml.bind-api-4.0.0.jar:/Users/eneidagonzales/.m2/repository/org/jboss/resteasy/resteasy-core-spi/6.2.4.Final/resteasy-core-spi-6.2.4.Final.jar:/Users/eneidagonzales/.m2/repository/org/reactivestreams/reactive-streams/1.0.4/reactive-streams-1.0.4.jar:/Users/eneidagonzales/.m2/repository/com/ibm/async/asyncutil/0.1.0/asyncutil-0.1.0.jar:/Users/eneidagonzales/.m2/repository/org/eclipse/angus/angus-activation/2.0.1/angus-activation-2.0.1.jar:/Users/eneidagonzales/.m2/repository/jakarta/activation/jakarta.activation-api/2.1.2/jakarta.activation-api-2.1.2.jar:/Users/eneidagonzales/.m2/repository/jakarta/ws/rs/jakarta.ws.rs-api/3.1.0/jakarta.ws.rs-api-3.1.0.jar:/Users/eneidagonzales/.m2/repository/org/jboss/resteasy/resteasy-cdi/6.2.4.Final/resteasy-cdi-6.2.4.Final.jar:/Users/eneidagonzales/.m2/repository/org/jboss/weld/weld-api/5.0.SP2/weld-api-5.0.SP2.jar:/Users/eneidagonzales/.m2/repository/org/jboss/resteasy/microprofile/microprofile-config/2.1.1.Final/microprofile-config-2.1.1.Final.jar:/Users/eneidagonzales/.m2/repository/org/eclipse/microprofile/config/microprofile-config-api/3.0.3/microprofile-config-api-3.0.3.jar:/Users/eneidagonzales/.m2/repository/jakarta/validation/jakarta.validation-api/3.0.2/jakarta.validation-api-3.0.2.jar:/Users/eneidagonzales/.m2/repository/io/quarkus/quarkus-undertow/3.1.1.Final/quarkus-undertow-3.1.1.Final.jar:/Users/eneidagonzales/.m2/repository/io/quarkus/quarkus-arc/3.1.1.Final/quarkus-arc-3.1.1.Final.jar:/Users/eneidagonzales/.m2/repository/io/quarkus/arc/arc/3.1.1.Final/arc-3.1.1.Final.jar:/Users/eneidagonzales/.m2/repository/jakarta/transaction/jakarta.transaction-api/2.0.1/jakarta.transaction-api-2.0.1.jar:/Users/eneidagonzales/.m2/repository/io/quarkus/security/quarkus-security/2.0.2.Final/quarkus-security-2.0.2.Final.jar:/Users/eneidagonzales/.m2/repository/org/jboss/logging/jboss-logging/3.5.0.Final/jboss-logging-3.5.0.Final.jar:/Users/eneidagonzales/.m2/repository/io/smallrye/reactive/mutiny/2.1.0/mutiny-2.1.0.jar:/Users/eneidagonzales/.m2/repository/jakarta/enterprise/jakarta.enterprise.cdi-api/4.0.1/jakarta.enterprise.cdi-api-4.0.1.jar:/Users/eneidagonzales/.m2/repository/jakarta/enterprise/jakarta.enterprise.lang-model/4.0.1/jakarta.enterprise.lang-model-4.0.1.jar:/Users/eneidagonzales/.m2/repository/jakarta/el/jakarta.el-api/5.0.1/jakarta.el-api-5.0.1.jar:/Users/eneidagonzales/.m2/repository/jakarta/interceptor/jakarta.interceptor-api/2.1.0/jakarta.interceptor-api-2.1.0.jar:/Users/eneidagonzales/.m2/repository/jakarta/inject/jakarta.inject-api/2.0.1/jakarta.inject-api-2.0.1.jar:/Users/eneidagonzales/.m2/repository/io/quarkus/http/quarkus-http-servlet/5.0.2.Final/quarkus-http-servlet-5.0.2.Final.jar:/Users/eneidagonzales/.m2/repository/jakarta/servlet/jakarta.servlet-api/6.0.0/jakarta.servlet-api-6.0.0.jar:/Users/eneidagonzales/.m2/repository/jakarta/annotation/jakarta.annotation-api/2.1.1/jakarta.annotation-api-2.1.1.jar:/Users/eneidagonzales/.m2/repository/io/quarkus/http/quarkus-http-vertx-backend/5.0.2.Final/quarkus-http-vertx-backend-5.0.2.Final.jar:/Users/eneidagonzales/.m2/repository/io/vertx/vertx-core/4.4.2/vertx-core-4.4.2.jar:/Users/eneidagonzales/.m2/repository/io/netty/netty-common/4.1.92.Final/netty-common-4.1.92.Final.jar:/Users/eneidagonzales/.m2/repository/io/netty/netty-buffer/4.1.92.Final/netty-buffer-4.1.92.Final.jar:/Users/eneidagonzales/.m2/repository/io/netty/netty-transport/4.1.92.Final/netty-transport-4.1.92.Final.jar:/Users/eneidagonzales/.m2/repository/io/netty/netty-handler/4.1.92.Final/netty-handler-4.1.92.Final.jar:/Users/eneidagonzales/.m2/repository/io/netty/netty-transport-native-unix-common/4.1.92.Final/netty-transport-native-unix-common-4.1.92.Final.jar:/Users/eneidagonzales/.m2/repository/io/netty/netty-handler-proxy/4.1.92.Final/netty-handler-proxy-4.1.92.Final.jar:/Users/eneidagonzales/.m2/repository/io/netty/netty-codec-socks/4.1.92.Final/netty-codec-socks-4.1.92.Final.jar:/Users/eneidagonzales/.m2/repository/io/netty/netty-codec-http2/4.1.92.Final/netty-codec-http2-4.1.92.Final.jar:/Users/eneidagonzales/.m2/repository/io/netty/netty-resolver/4.1.92.Final/netty-resolver-4.1.92.Final.jar:/Users/eneidagonzales/.m2/repository/io/netty/netty-resolver-dns/4.1.92.Final/netty-resolver-dns-4.1.92.Final.jar:/Users/eneidagonzales/.m2/repository/io/netty/netty-codec-dns/4.1.92.Final/netty-codec-dns-4.1.92.Final.jar:/Users/eneidagonzales/.m2/repository/io/quarkus/http/quarkus-http-http-core/5.0.2.Final/quarkus-http-http-core-5.0.2.Final.jar:/Users/eneidagonzales/.m2/repository/io/quarkus/http/quarkus-http-core/5.0.2.Final/quarkus-http-core-5.0.2.Final.jar:/Users/eneidagonzales/.m2/repository/io/netty/netty-codec-http/4.1.92.Final/netty-codec-http-4.1.92.Final.jar:/Users/eneidagonzales/.m2/repository/io/netty/netty-codec/4.1.92.Final/netty-codec-4.1.92.Final.jar:/Users/eneidagonzales/.m2/repository/io/quarkus/quarkus-core/3.1.1.Final/quarkus-core-3.1.1.Final.jar:/Users/eneidagonzales/.m2/repository/io/smallrye/common/smallrye-common-os/2.1.0/smallrye-common-os-2.1.0.jar:/Users/eneidagonzales/.m2/repository/io/quarkus/quarkus-ide-launcher/3.1.1.Final/quarkus-ide-launcher-3.1.1.Final.jar:/Users/eneidagonzales/.m2/repository/io/quarkus/quarkus-development-mode-spi/3.1.1.Final/quarkus-development-mode-spi-3.1.1.Final.jar:/Users/eneidagonzales/.m2/repository/io/smallrye/config/smallrye-config/3.2.1/smallrye-config-3.2.1.jar:/Users/eneidagonzales/.m2/repository/io/smallrye/config/smallrye-config-core/3.2.1/smallrye-config-core-3.2.1.jar:/Users/eneidagonzales/.m2/repository/io/smallrye/common/smallrye-common-expression/2.1.0/smallrye-common-expression-2.1.0.jar:/Users/eneidagonzales/.m2/repository/io/smallrye/common/smallrye-common-function/2.1.0/smallrye-common-function-2.1.0.jar:/Users/eneidagonzales/.m2/repository/io/smallrye/common/smallrye-common-classloader/2.1.0/smallrye-common-classloader-2.1.0.jar:/Users/eneidagonzales/.m2/repository/io/smallrye/config/smallrye-config-common/3.2.1/smallrye-config-common-3.2.1.jar:/Users/eneidagonzales/.m2/repository/org/jboss/logmanager/jboss-logmanager-embedded/1.1.1/jboss-logmanager-embedded-1.1.1.jar:/Users/eneidagonzales/.m2/repository/org/jboss/logging/jboss-logging-annotations/2.2.1.Final/jboss-logging-annotations-2.2.1.Final.jar:/Users/eneidagonzales/.m2/repository/org/jboss/threads/jboss-threads/3.5.0.Final/jboss-threads-3.5.0.Final.jar:/Users/eneidagonzales/.m2/repository/org/slf4j/slf4j-api/2.0.6/slf4j-api-2.0.6.jar:/Users/eneidagonzales/.m2/repository/org/jboss/slf4j/slf4j-jboss-logmanager/2.0.0.Final/slf4j-jboss-logmanager-2.0.0.Final.jar:/Users/eneidagonzales/.m2/repository/org/graalvm/sdk/graal-sdk/22.3.2/graal-sdk-22.3.2.jar:/Users/eneidagonzales/.m2/repository/org/wildfly/common/wildfly-common/1.5.4.Final-format-001/wildfly-common-1.5.4.Final-format-001.jar:/Users/eneidagonzales/.m2/repository/io/quarkus/quarkus-bootstrap-runner/3.1.1.Final/quarkus-bootstrap-runner-3.1.1.Final.jar:/Users/eneidagonzales/.m2/repository/io/quarkus/quarkus-fs-util/0.0.9/quarkus-fs-util-0.0.9.jar:/Users/eneidagonzales/.m2/repository/org/eclipse/microprofile/context-propagation/microprofile-context-propagation-api/1.3/microprofile-context-propagation-api-1.3.jar:/Users/eneidagonzales/.m2/repository/io/quarkus/quarkus-reactive-routes/3.1.1.Final/quarkus-reactive-routes-3.1.1.Final.jar:/Users/eneidagonzales/.m2/repository/io/quarkus/quarkus-vertx/3.1.1.Final/quarkus-vertx-3.1.1.Final.jar:/Users/eneidagonzales/.m2/repository/io/quarkus/quarkus-netty/3.1.1.Final/quarkus-netty-3.1.1.Final.jar:/Users/eneidagonzales/.m2/repository/com/aayushatharva/brotli4j/brotli4j/1.11.0/brotli4j-1.11.0.jar:/Users/eneidagonzales/.m2/repository/com/aayushatharva/brotli4j/service/1.11.0/service-1.11.0.jar:/Users/eneidagonzales/.m2/repository/com/aayushatharva/brotli4j/native-osx-aarch64/1.11.0/native-osx-aarch64-1.11.0.jar:/Users/eneidagonzales/.m2/repository/io/netty/netty-codec-haproxy/4.1.92.Final/netty-codec-haproxy-4.1.92.Final.jar:/Users/eneidagonzales/.m2/repository/io/quarkus/quarkus-vertx-latebound-mdc-provider/3.1.1.Final/quarkus-vertx-latebound-mdc-provider-3.1.1.Final.jar:/Users/eneidagonzales/.m2/repository/io/smallrye/reactive/smallrye-mutiny-vertx-core/3.4.1/smallrye-mutiny-vertx-core-3.4.1.jar:/Users/eneidagonzales/.m2/repository/io/smallrye/reactive/smallrye-mutiny-vertx-runtime/3.4.1/smallrye-mutiny-vertx-runtime-3.4.1.jar:/Users/eneidagonzales/.m2/repository/io/smallrye/reactive/vertx-mutiny-generator/3.4.1/vertx-mutiny-generator-3.4.1.jar:/Users/eneidagonzales/.m2/repository/io/vertx/vertx-codegen/4.4.2/vertx-codegen-4.4.2.jar:/Users/eneidagonzales/.m2/repository/io/smallrye/smallrye-fault-tolerance-vertx/6.2.3/smallrye-fault-tolerance-vertx-6.2.3.jar:/Users/eneidagonzales/.m2/repository/io/quarkus/quarkus-jackson/3.1.1.Final/quarkus-jackson-3.1.1.Final.jar:/Users/eneidagonzales/.m2/repository/com/fasterxml/jackson/core/jackson-databind/2.15.2/jackson-databind-2.15.2.jar:/Users/eneidagonzales/.m2/repository/com/fasterxml/jackson/core/jackson-annotations/2.15.2/jackson-annotations-2.15.2.jar:/Users/eneidagonzales/.m2/repository/com/fasterxml/jackson/core/jackson-core/2.15.2/jackson-core-2.15.2.jar:/Users/eneidagonzales/.m2/repository/com/fasterxml/jackson/datatype/jackson-datatype-jsr310/2.15.2/jackson-datatype-jsr310-2.15.2.jar:/Users/eneidagonzales/.m2/repository/com/fasterxml/jackson/datatype/jackson-datatype-jdk8/2.15.2/jackson-datatype-jdk8-2.15.2.jar:/Users/eneidagonzales/.m2/repository/com/fasterxml/jackson/module/jackson-module-parameter-names/2.15.2/jackson-module-parameter-names-2.15.2.jar:/Users/eneidagonzales/.m2/repository/io/smallrye/common/smallrye-common-annotation/2.1.0/smallrye-common-annotation-2.1.0.jar:/Users/eneidagonzales/.m2/repository/io/quarkus/quarkus-funqy-http/3.1.1.Final/quarkus-funqy-http-3.1.1.Final.jar:/Users/eneidagonzales/.m2/repository/io/quarkus/quarkus-funqy-server-common/3.1.1.Final/quarkus-funqy-server-common-3.1.1.Final.jar:/Users/eneidagonzales/.m2/repository/io/quarkus/quarkus-amazon-lambda-rest/3.1.1.Final/quarkus-amazon-lambda-rest-3.1.1.Final.jar:/Users/eneidagonzales/.m2/repository/io/quarkus/quarkus-security/3.1.1.Final/quarkus-security-3.1.1.Final.jar:/Users/eneidagonzales/.m2/repository/io/quarkus/quarkus-amazon-lambda/3.1.1.Final/quarkus-amazon-lambda-3.1.1.Final.jar:/Users/eneidagonzales/.m2/repository/io/quarkus/quarkus-amazon-lambda-common/3.1.1.Final/quarkus-amazon-lambda-common-3.1.1.Final.jar:/Users/eneidagonzales/.m2/repository/com/amazonaws/aws-lambda-java-core/1.2.2/aws-lambda-java-core-1.2.2.jar:/Users/eneidagonzales/.m2/repository/com/amazonaws/aws-lambda-java-events/3.11.1/aws-lambda-java-events-3.11.1.jar:/Users/eneidagonzales/.m2/repository/com/fasterxml/jackson/datatype/jackson-datatype-joda/2.15.2/jackson-datatype-joda-2.15.2.jar:/Users/eneidagonzales/.m2/repository/joda-time/joda-time/2.10.14/joda-time-2.10.14.jar:/Users/eneidagonzales/.m2/repository/org/eclipse/microprofile/jwt/microprofile-jwt-auth-api/2.1/microprofile-jwt-auth-api-2.1.jar:/Users/eneidagonzales/.m2/repository/io/quarkus/quarkus-junit5/3.1.1.Final/quarkus-junit5-3.1.1.Final.jar:/Users/eneidagonzales/.m2/repository/io/quarkus/quarkus-bootstrap-core/3.1.1.Final/quarkus-bootstrap-core-3.1.1.Final.jar:/Users/eneidagonzales/.m2/repository/io/quarkus/quarkus-bootstrap-app-model/3.1.1.Final/quarkus-bootstrap-app-model-3.1.1.Final.jar:/Users/eneidagonzales/.m2/repository/io/smallrye/common/smallrye-common-io/2.1.0/smallrye-common-io-2.1.0.jar:/Users/eneidagonzales/.m2/repository/org/eclipse/sisu/org.eclipse.sisu.inject/0.3.5/org.eclipse.sisu.inject-0.3.5.jar:/Users/eneidagonzales/.m2/repository/io/quarkus/quarkus-test-common/3.1.1.Final/quarkus-test-common-3.1.1.Final.jar:/Users/eneidagonzales/.m2/repository/io/quarkus/quarkus-core-deployment/3.1.1.Final/quarkus-core-deployment-3.1.1.Final.jar:/Users/eneidagonzales/.m2/repository/org/aesh/readline/2.4/readline-2.4.jar:/Users/eneidagonzales/.m2/repository/org/fusesource/jansi/jansi/2.4.0/jansi-2.4.0.jar:/Users/eneidagonzales/.m2/repository/org/aesh/aesh/2.7/aesh-2.7.jar:/Users/eneidagonzales/.m2/repository/io/quarkus/gizmo/gizmo/1.6.1.Final/gizmo-1.6.1.Final.jar:/Users/eneidagonzales/.m2/repository/org/ow2/asm/asm-util/9.5/asm-util-9.5.jar:/Users/eneidagonzales/.m2/repository/org/ow2/asm/asm-analysis/9.5/asm-analysis-9.5.jar:/Users/eneidagonzales/.m2/repository/org/ow2/asm/asm/9.5/asm-9.5.jar:/Users/eneidagonzales/.m2/repository/org/ow2/asm/asm-commons/9.5/asm-commons-9.5.jar:/Users/eneidagonzales/.m2/repository/org/ow2/asm/asm-tree/9.5/asm-tree-9.5.jar:/Users/eneidagonzales/.m2/repository/io/quarkus/quarkus-class-change-agent/3.1.1.Final/quarkus-class-change-agent-3.1.1.Final.jar:/Users/eneidagonzales/.m2/repository/io/quarkus/quarkus-devtools-utilities/3.1.1.Final/quarkus-devtools-utilities-3.1.1.Final.jar:/Users/eneidagonzales/.m2/repository/io/quarkus/quarkus-builder/3.1.1.Final/quarkus-builder-3.1.1.Final.jar:/Users/eneidagonzales/.m2/repository/org/junit/platform/junit-platform-launcher/1.9.3/junit-platform-launcher-1.9.3.jar:/Users/eneidagonzales/.m2/repository/io/quarkus/quarkus-bootstrap-maven-resolver/3.1.1.Final/quarkus-bootstrap-maven-resolver-3.1.1.Final.jar:/Users/eneidagonzales/.m2/repository/io/smallrye/beanbag/smallrye-beanbag-maven/1.1.0/smallrye-beanbag-maven-1.1.0.jar:/Users/eneidagonzales/.m2/repository/io/smallrye/beanbag/smallrye-beanbag-sisu/1.1.0/smallrye-beanbag-sisu-1.1.0.jar:/Users/eneidagonzales/.m2/repository/io/smallrye/beanbag/smallrye-beanbag/1.1.0/smallrye-beanbag-1.1.0.jar:/Users/eneidagonzales/.m2/repository/javax/inject/javax.inject/1/javax.inject-1.jar:/Users/eneidagonzales/.m2/repository/org/apache/maven/maven-artifact/3.9.1/maven-artifact-3.9.1.jar:/Users/eneidagonzales/.m2/repository/org/apache/maven/maven-builder-support/3.9.1/maven-builder-support-3.9.1.jar:/Users/eneidagonzales/.m2/repository/org/apache/maven/maven-model/3.9.1/maven-model-3.9.1.jar:/Users/eneidagonzales/.m2/repository/org/apache/maven/maven-model-builder/3.9.1/maven-model-builder-3.9.1.jar:/Users/eneidagonzales/.m2/repository/org/apache/maven/maven-repository-metadata/3.9.1/maven-repository-metadata-3.9.1.jar:/Users/eneidagonzales/.m2/repository/org/apache/maven/maven-settings/3.9.1/maven-settings-3.9.1.jar:/Users/eneidagonzales/.m2/repository/org/apache/maven/resolver/maven-resolver-api/1.9.7/maven-resolver-api-1.9.7.jar:/Users/eneidagonzales/.m2/repository/org/apache/maven/resolver/maven-resolver-impl/1.9.7/maven-resolver-impl-1.9.7.jar:/Users/eneidagonzales/.m2/repository/org/apache/maven/resolver/maven-resolver-named-locks/1.9.7/maven-resolver-named-locks-1.9.7.jar:/Users/eneidagonzales/.m2/repository/org/apache/maven/resolver/maven-resolver-spi/1.9.7/maven-resolver-spi-1.9.7.jar:/Users/eneidagonzales/.m2/repository/org/apache/maven/resolver/maven-resolver-util/1.9.7/maven-resolver-util-1.9.7.jar:/Users/eneidagonzales/.m2/repository/org/apache/maven/wagon/wagon-provider-api/3.5.3/wagon-provider-api-3.5.3.jar:/Users/eneidagonzales/.m2/repository/org/apache/maven/wagon/wagon-http-lightweight/3.5.3/wagon-http-lightweight-3.5.3.jar:/Users/eneidagonzales/.m2/repository/org/apache/maven/wagon/wagon-http-shared/3.5.3/wagon-http-shared-3.5.3.jar:/Users/eneidagonzales/.m2/repository/org/codehaus/plexus/plexus-interpolation/1.26/plexus-interpolation-1.26.jar:/Users/eneidagonzales/.m2/repository/org/codehaus/plexus/plexus-utils/3.5.1/plexus-utils-3.5.1.jar:/Users/eneidagonzales/.m2/repository/org/sonatype/plexus/plexus-cipher/1.7/plexus-cipher-1.7.jar:/Users/eneidagonzales/.m2/repository/org/sonatype/plexus/plexus-sec-dispatcher/1.4/plexus-sec-dispatcher-1.4.jar:/Users/eneidagonzales/.m2/repository/org/apache/maven/maven-embedder/3.9.1/maven-embedder-3.9.1.jar:/Users/eneidagonzales/.m2/repository/org/apache/maven/maven-core/3.9.1/maven-core-3.9.1.jar:/Users/eneidagonzales/.m2/repository/org/codehaus/plexus/plexus-component-annotations/2.1.0/plexus-component-annotations-2.1.0.jar:/Users/eneidagonzales/.m2/repository/org/apache/maven/maven-plugin-api/3.9.1/maven-plugin-api-3.9.1.jar:/Users/eneidagonzales/.m2/repository/org/apache/maven/shared/maven-shared-utils/3.3.4/maven-shared-utils-3.3.4.jar:/Users/eneidagonzales/.m2/repository/com/google/inject/guice/5.1.0/guice-5.1.0.jar:/Users/eneidagonzales/.m2/repository/aopalliance/aopalliance/1.0/aopalliance-1.0.jar:/Users/eneidagonzales/.m2/repository/com/google/guava/guava/31.1-jre/guava-31.1-jre.jar:/Users/eneidagonzales/.m2/repository/com/google/guava/failureaccess/1.0.1/failureaccess-1.0.1.jar:/Users/eneidagonzales/.m2/repository/javax/annotation/javax.annotation-api/1.3.2/javax.annotation-api-1.3.2.jar:/Users/eneidagonzales/.m2/repository/org/codehaus/plexus/plexus-classworlds/2.6.0/plexus-classworlds-2.6.0.jar:/Users/eneidagonzales/.m2/repository/org/codehaus/plexus/plexus-sec-dispatcher/2.0/plexus-sec-dispatcher-2.0.jar:/Users/eneidagonzales/.m2/repository/org/codehaus/plexus/plexus-cipher/2.0/plexus-cipher-2.0.jar:/Users/eneidagonzales/.m2/repository/commons-cli/commons-cli/1.4/commons-cli-1.4.jar:/Users/eneidagonzales/.m2/repository/org/eclipse/sisu/org.eclipse.sisu.plexus/0.3.5/org.eclipse.sisu.plexus-0.3.5.jar:/Users/eneidagonzales/.m2/repository/org/apache/maven/maven-settings-builder/3.9.1/maven-settings-builder-3.9.1.jar:/Users/eneidagonzales/.m2/repository/org/apache/maven/maven-resolver-provider/3.9.1/maven-resolver-provider-3.9.1.jar:/Users/eneidagonzales/.m2/repository/org/apache/maven/resolver/maven-resolver-connector-basic/1.9.7/maven-resolver-connector-basic-1.9.7.jar:/Users/eneidagonzales/.m2/repository/org/apache/maven/resolver/maven-resolver-transport-wagon/1.9.7/maven-resolver-transport-wagon-1.9.7.jar:/Users/eneidagonzales/.m2/repository/org/apache/maven/wagon/wagon-http/3.5.3/wagon-http-3.5.3.jar:/Users/eneidagonzales/.m2/repository/org/apache/maven/wagon/wagon-file/3.5.3/wagon-file-3.5.3.jar:/Users/eneidagonzales/.m2/repository/io/quarkus/quarkus-bootstrap-gradle-resolver/3.1.1.Final/quarkus-bootstrap-gradle-resolver-3.1.1.Final.jar:/Users/eneidagonzales/.m2/repository/io/smallrye/jandex/3.1.1/jandex-3.1.1.jar:/Users/eneidagonzales/.m2/repository/commons-io/commons-io/2.11.0/commons-io-2.11.0.jar:/Users/eneidagonzales/.m2/repository/org/jboss/logging/commons-logging-jboss-logging/1.0.0.Final/commons-logging-jboss-logging-1.0.0.Final.jar:/Users/eneidagonzales/.m2/repository/io/quarkus/quarkus-junit5-properties/3.1.1.Final/quarkus-junit5-properties-3.1.1.Final.jar:/Users/eneidagonzales/.m2/repository/org/junit/jupiter/junit-jupiter/5.9.3/junit-jupiter-5.9.3.jar:/Users/eneidagonzales/.m2/repository/org/junit/jupiter/junit-jupiter-api/5.9.3/junit-jupiter-api-5.9.3.jar:/Users/eneidagonzales/.m2/repository/org/opentest4j/opentest4j/1.2.0/opentest4j-1.2.0.jar:/Users/eneidagonzales/.m2/repository/org/junit/platform/junit-platform-commons/1.9.3/junit-platform-commons-1.9.3.jar:/Users/eneidagonzales/.m2/repository/org/apiguardian/apiguardian-api/1.1.2/apiguardian-api-1.1.2.jar:/Users/eneidagonzales/.m2/repository/org/junit/jupiter/junit-jupiter-params/5.9.3/junit-jupiter-params-5.9.3.jar:/Users/eneidagonzales/.m2/repository/org/junit/jupiter/junit-jupiter-engine/5.9.3/junit-jupiter-engine-5.9.3.jar:/Users/eneidagonzales/.m2/repository/org/junit/platform/junit-platform-engine/1.9.3/junit-platform-engine-1.9.3.jar:/Users/eneidagonzales/.m2/repository/com/thoughtworks/xstream/xstream/1.4.20/xstream-1.4.20.jar:/Users/eneidagonzales/.m2/repository/io/github/x-stream/mxparser/1.2.2/mxparser-1.2.2.jar:/Users/eneidagonzales/.m2/repository/xmlpull/xmlpull/1.1.3.1/xmlpull-1.1.3.1.jar:/Users/eneidagonzales/.m2/repository/io/rest-assured/rest-assured/5.3.0/rest-assured-5.3.0.jar:/Users/eneidagonzales/.m2/repository/org/apache/groovy/groovy/4.0.6/groovy-4.0.6.jar:/Users/eneidagonzales/.m2/repository/org/apache/groovy/groovy-xml/4.0.6/groovy-xml-4.0.6.jar:/Users/eneidagonzales/.m2/repository/org/apache/httpcomponents/httpclient/4.5.14/httpclient-4.5.14.jar:/Users/eneidagonzales/.m2/repository/org/apache/httpcomponents/httpcore/4.4.16/httpcore-4.4.16.jar:/Users/eneidagonzales/.m2/repository/commons-codec/commons-codec/1.15/commons-codec-1.15.jar:/Users/eneidagonzales/.m2/repository/org/apache/httpcomponents/httpmime/4.5.14/httpmime-4.5.14.jar:/Users/eneidagonzales/.m2/repository/org/hamcrest/hamcrest/2.1/hamcrest-2.1.jar:/Users/eneidagonzales/.m2/repository/org/ccil/cowan/tagsoup/tagsoup/1.2.1/tagsoup-1.2.1.jar:/Users/eneidagonzales/.m2/repository/io/rest-assured/json-path/5.3.0/json-path-5.3.0.jar:/Users/eneidagonzales/.m2/repository/org/apache/groovy/groovy-json/4.0.6/groovy-json-4.0.6.jar:/Users/eneidagonzales/.m2/repository/io/rest-assured/rest-assured-common/5.3.0/rest-assured-common-5.3.0.jar:/Users/eneidagonzales/.m2/repository/io/rest-assured/xml-path/5.3.0/xml-path-5.3.0.jar:/Users/eneidagonzales/.m2/repository/org/apache/commons/commons-lang3/3.12.0/commons-lang3-3.12.0.jar:"/>
    <property name="java.vm.vendor" value="Eclipse Adoptium"/>
    <property name="sun.arch.data.model" value="64"/>
    <property name="quarkusRegistryClient" value="true"/>
    <property name="java.vendor.url" value="https://adoptium.net/"/>
    <property name="user.timezone" value="America/La_Paz"/>
    <property name="logging.initial-configurator.min-level" value="500"/>
    <property name="os.name" value="Mac OS X"/>
    <property name="java.vm.specification.version" value="11"/>
    <property name="sun.java.launcher" value="SUN_STANDARD"/>
    <property name="user.country" value="BO"/>
    <property name="sun.boot.library.path" value="/Library/Java/JavaVirtualMachines/temurin-11.jdk/Contents/Home/lib"/>
    <property name="sun.java.command" value="/Users/eneidagonzales/proyects/git/cirrus-git-hub/eventos.bo/backend/lambda-quarkus-tickets-eneida/lambda-quarkus-tickets-eneida/target/surefire/surefirebooter-20230614182828536_3.jar /Users/eneidagonzales/proyects/git/cirrus-git-hub/eventos.bo/backend/lambda-quarkus-tickets-eneida/lambda-quarkus-tickets-eneida/target/surefire 2023-06-14T18-28-28_498-jvmRun1 surefire-20230614182828536_1tmp surefire_0-20230614182828536_2tmp"/>
    <property name="http.nonProxyHosts" value="local|*.local|169.254/16|*.169.254/16"/>
    <property name="jdk.debug" value="release"/>
    <property name="maven.home" value="/Users/eneidagonzales/.sdkman/candidates/maven/current"/>
    <property name="surefire.test.class.path" value="/Users/eneidagonzales/proyects/git/cirrus-git-hub/eventos.bo/backend/lambda-quarkus-tickets-eneida/lambda-quarkus-tickets-eneida/target/test-classes:/Users/eneidagonzales/proyects/git/cirrus-git-hub/eventos.bo/backend/lambda-quarkus-tickets-eneida/lambda-quarkus-tickets-eneida/target/classes:/Users/eneidagonzales/.m2/repository/io/quarkus/quarkus-resteasy/3.1.1.Final/quarkus-resteasy-3.1.1.Final.jar:/Users/eneidagonzales/.m2/repository/io/quarkus/quarkus-vertx-http/3.1.1.Final/quarkus-vertx-http-3.1.1.Final.jar:/Users/eneidagonzales/.m2/repository/io/quarkus/quarkus-security-runtime-spi/3.1.1.Final/quarkus-security-runtime-spi-3.1.1.Final.jar:/Users/eneidagonzales/.m2/repository/io/quarkus/quarkus-credentials/3.1.1.Final/quarkus-credentials-3.1.1.Final.jar:/Users/eneidagonzales/.m2/repository/io/quarkus/quarkus-mutiny/3.1.1.Final/quarkus-mutiny-3.1.1.Final.jar:/Users/eneidagonzales/.m2/repository/io/quarkus/quarkus-smallrye-context-propagation/3.1.1.Final/quarkus-smallrye-context-propagation-3.1.1.Final.jar:/Users/eneidagonzales/.m2/repository/io/smallrye/smallrye-context-propagation/2.1.0/smallrye-context-propagation-2.1.0.jar:/Users/eneidagonzales/.m2/repository/io/smallrye/smallrye-context-propagation-api/2.1.0/smallrye-context-propagation-api-2.1.0.jar:/Users/eneidagonzales/.m2/repository/io/smallrye/smallrye-context-propagation-storage/2.1.0/smallrye-context-propagation-storage-2.1.0.jar:/Users/eneidagonzales/.m2/repository/io/smallrye/reactive/mutiny-smallrye-context-propagation/2.1.0/mutiny-smallrye-context-propagation-2.1.0.jar:/Users/eneidagonzales/.m2/repository/io/smallrye/common/smallrye-common-vertx-context/2.1.0/smallrye-common-vertx-context-2.1.0.jar:/Users/eneidagonzales/.m2/repository/io/smallrye/common/smallrye-common-constraint/2.1.0/smallrye-common-constraint-2.1.0.jar:/Users/eneidagonzales/.m2/repository/io/quarkus/quarkus-vertx-http-dev-console-runtime-spi/3.1.1.Final/quarkus-vertx-http-dev-console-runtime-spi-3.1.1.Final.jar:/Users/eneidagonzales/.m2/repository/io/smallrye/reactive/smallrye-mutiny-vertx-web/3.4.1/smallrye-mutiny-vertx-web-3.4.1.jar:/Users/eneidagonzales/.m2/repository/io/smallrye/reactive/smallrye-mutiny-vertx-web-common/3.4.1/smallrye-mutiny-vertx-web-common-3.4.1.jar:/Users/eneidagonzales/.m2/repository/io/smallrye/reactive/smallrye-mutiny-vertx-auth-common/3.4.1/smallrye-mutiny-vertx-auth-common-3.4.1.jar:/Users/eneidagonzales/.m2/repository/io/smallrye/reactive/smallrye-mutiny-vertx-bridge-common/3.4.1/smallrye-mutiny-vertx-bridge-common-3.4.1.jar:/Users/eneidagonzales/.m2/repository/io/smallrye/reactive/smallrye-mutiny-vertx-uri-template/3.4.1/smallrye-mutiny-vertx-uri-template-3.4.1.jar:/Users/eneidagonzales/.m2/repository/io/vertx/vertx-uri-template/4.4.2/vertx-uri-template-4.4.2.jar:/Users/eneidagonzales/.m2/repository/io/vertx/vertx-web/4.4.2/vertx-web-4.4.2.jar:/Users/eneidagonzales/.m2/repository/io/vertx/vertx-web-common/4.4.2/vertx-web-common-4.4.2.jar:/Users/eneidagonzales/.m2/repository/io/vertx/vertx-auth-common/4.4.2/vertx-auth-common-4.4.2.jar:/Users/eneidagonzales/.m2/repository/io/vertx/vertx-bridge-common/4.4.2/vertx-bridge-common-4.4.2.jar:/Users/eneidagonzales/.m2/repository/io/github/crac/org-crac/0.1.3/org-crac-0.1.3.jar:/Users/eneidagonzales/.m2/repository/io/quarkus/quarkus-resteasy-server-common/3.1.1.Final/quarkus-resteasy-server-common-3.1.1.Final.jar:/Users/eneidagonzales/.m2/repository/io/quarkus/quarkus-resteasy-common/3.1.1.Final/quarkus-resteasy-common-3.1.1.Final.jar:/Users/eneidagonzales/.m2/repository/org/jboss/resteasy/resteasy-core/6.2.4.Final/resteasy-core-6.2.4.Final.jar:/Users/eneidagonzales/.m2/repository/jakarta/xml/bind/jakarta.xml.bind-api/4.0.0/jakarta.xml.bind-api-4.0.0.jar:/Users/eneidagonzales/.m2/repository/org/jboss/resteasy/resteasy-core-spi/6.2.4.Final/resteasy-core-spi-6.2.4.Final.jar:/Users/eneidagonzales/.m2/repository/org/reactivestreams/reactive-streams/1.0.4/reactive-streams-1.0.4.jar:/Users/eneidagonzales/.m2/repository/com/ibm/async/asyncutil/0.1.0/asyncutil-0.1.0.jar:/Users/eneidagonzales/.m2/repository/org/eclipse/angus/angus-activation/2.0.1/angus-activation-2.0.1.jar:/Users/eneidagonzales/.m2/repository/jakarta/activation/jakarta.activation-api/2.1.2/jakarta.activation-api-2.1.2.jar:/Users/eneidagonzales/.m2/repository/jakarta/ws/rs/jakarta.ws.rs-api/3.1.0/jakarta.ws.rs-api-3.1.0.jar:/Users/eneidagonzales/.m2/repository/org/jboss/resteasy/resteasy-cdi/6.2.4.Final/resteasy-cdi-6.2.4.Final.jar:/Users/eneidagonzales/.m2/repository/org/jboss/weld/weld-api/5.0.SP2/weld-api-5.0.SP2.jar:/Users/eneidagonzales/.m2/repository/org/jboss/resteasy/microprofile/microprofile-config/2.1.1.Final/microprofile-config-2.1.1.Final.jar:/Users/eneidagonzales/.m2/repository/org/eclipse/microprofile/config/microprofile-config-api/3.0.3/microprofile-config-api-3.0.3.jar:/Users/eneidagonzales/.m2/repository/jakarta/validation/jakarta.validation-api/3.0.2/jakarta.validation-api-3.0.2.jar:/Users/eneidagonzales/.m2/repository/io/quarkus/quarkus-undertow/3.1.1.Final/quarkus-undertow-3.1.1.Final.jar:/Users/eneidagonzales/.m2/repository/io/quarkus/quarkus-arc/3.1.1.Final/quarkus-arc-3.1.1.Final.jar:/Users/eneidagonzales/.m2/repository/io/quarkus/arc/arc/3.1.1.Final/arc-3.1.1.Final.jar:/Users/eneidagonzales/.m2/repository/jakarta/transaction/jakarta.transaction-api/2.0.1/jakarta.transaction-api-2.0.1.jar:/Users/eneidagonzales/.m2/repository/io/quarkus/security/quarkus-security/2.0.2.Final/quarkus-security-2.0.2.Final.jar:/Users/eneidagonzales/.m2/repository/org/jboss/logging/jboss-logging/3.5.0.Final/jboss-logging-3.5.0.Final.jar:/Users/eneidagonzales/.m2/repository/io/smallrye/reactive/mutiny/2.1.0/mutiny-2.1.0.jar:/Users/eneidagonzales/.m2/repository/jakarta/enterprise/jakarta.enterprise.cdi-api/4.0.1/jakarta.enterprise.cdi-api-4.0.1.jar:/Users/eneidagonzales/.m2/repository/jakarta/enterprise/jakarta.enterprise.lang-model/4.0.1/jakarta.enterprise.lang-model-4.0.1.jar:/Users/eneidagonzales/.m2/repository/jakarta/el/jakarta.el-api/5.0.1/jakarta.el-api-5.0.1.jar:/Users/eneidagonzales/.m2/repository/jakarta/interceptor/jakarta.interceptor-api/2.1.0/jakarta.interceptor-api-2.1.0.jar:/Users/eneidagonzales/.m2/repository/jakarta/inject/jakarta.inject-api/2.0.1/jakarta.inject-api-2.0.1.jar:/Users/eneidagonzales/.m2/repository/io/quarkus/http/quarkus-http-servlet/5.0.2.Final/quarkus-http-servlet-5.0.2.Final.jar:/Users/eneidagonzales/.m2/repository/jakarta/servlet/jakarta.servlet-api/6.0.0/jakarta.servlet-api-6.0.0.jar:/Users/eneidagonzales/.m2/repository/jakarta/annotation/jakarta.annotation-api/2.1.1/jakarta.annotation-api-2.1.1.jar:/Users/eneidagonzales/.m2/repository/io/quarkus/http/quarkus-http-vertx-backend/5.0.2.Final/quarkus-http-vertx-backend-5.0.2.Final.jar:/Users/eneidagonzales/.m2/repository/io/vertx/vertx-core/4.4.2/vertx-core-4.4.2.jar:/Users/eneidagonzales/.m2/repository/io/netty/netty-common/4.1.92.Final/netty-common-4.1.92.Final.jar:/Users/eneidagonzales/.m2/repository/io/netty/netty-buffer/4.1.92.Final/netty-buffer-4.1.92.Final.jar:/Users/eneidagonzales/.m2/repository/io/netty/netty-transport/4.1.92.Final/netty-transport-4.1.92.Final.jar:/Users/eneidagonzales/.m2/repository/io/netty/netty-handler/4.1.92.Final/netty-handler-4.1.92.Final.jar:/Users/eneidagonzales/.m2/repository/io/netty/netty-transport-native-unix-common/4.1.92.Final/netty-transport-native-unix-common-4.1.92.Final.jar:/Users/eneidagonzales/.m2/repository/io/netty/netty-handler-proxy/4.1.92.Final/netty-handler-proxy-4.1.92.Final.jar:/Users/eneidagonzales/.m2/repository/io/netty/netty-codec-socks/4.1.92.Final/netty-codec-socks-4.1.92.Final.jar:/Users/eneidagonzales/.m2/repository/io/netty/netty-codec-http2/4.1.92.Final/netty-codec-http2-4.1.92.Final.jar:/Users/eneidagonzales/.m2/repository/io/netty/netty-resolver/4.1.92.Final/netty-resolver-4.1.92.Final.jar:/Users/eneidagonzales/.m2/repository/io/netty/netty-resolver-dns/4.1.92.Final/netty-resolver-dns-4.1.92.Final.jar:/Users/eneidagonzales/.m2/repository/io/netty/netty-codec-dns/4.1.92.Final/netty-codec-dns-4.1.92.Final.jar:/Users/eneidagonzales/.m2/repository/io/quarkus/http/quarkus-http-http-core/5.0.2.Final/quarkus-http-http-core-5.0.2.Final.jar:/Users/eneidagonzales/.m2/repository/io/quarkus/http/quarkus-http-core/5.0.2.Final/quarkus-http-core-5.0.2.Final.jar:/Users/eneidagonzales/.m2/repository/io/netty/netty-codec-http/4.1.92.Final/netty-codec-http-4.1.92.Final.jar:/Users/eneidagonzales/.m2/repository/io/netty/netty-codec/4.1.92.Final/netty-codec-4.1.92.Final.jar:/Users/eneidagonzales/.m2/repository/io/quarkus/quarkus-core/3.1.1.Final/quarkus-core-3.1.1.Final.jar:/Users/eneidagonzales/.m2/repository/io/smallrye/common/smallrye-common-os/2.1.0/smallrye-common-os-2.1.0.jar:/Users/eneidagonzales/.m2/repository/io/quarkus/quarkus-ide-launcher/3.1.1.Final/quarkus-ide-launcher-3.1.1.Final.jar:/Users/eneidagonzales/.m2/repository/io/quarkus/quarkus-development-mode-spi/3.1.1.Final/quarkus-development-mode-spi-3.1.1.Final.jar:/Users/eneidagonzales/.m2/repository/io/smallrye/config/smallrye-config/3.2.1/smallrye-config-3.2.1.jar:/Users/eneidagonzales/.m2/repository/io/smallrye/config/smallrye-config-core/3.2.1/smallrye-config-core-3.2.1.jar:/Users/eneidagonzales/.m2/repository/io/smallrye/common/smallrye-common-expression/2.1.0/smallrye-common-expression-2.1.0.jar:/Users/eneidagonzales/.m2/repository/io/smallrye/common/smallrye-common-function/2.1.0/smallrye-common-function-2.1.0.jar:/Users/eneidagonzales/.m2/repository/io/smallrye/common/smallrye-common-classloader/2.1.0/smallrye-common-classloader-2.1.0.jar:/Users/eneidagonzales/.m2/repository/io/smallrye/config/smallrye-config-common/3.2.1/smallrye-config-common-3.2.1.jar:/Users/eneidagonzales/.m2/repository/org/jboss/logmanager/jboss-logmanager-embedded/1.1.1/jboss-logmanager-embedded-1.1.1.jar:/Users/eneidagonzales/.m2/repository/org/jboss/logging/jboss-logging-annotations/2.2.1.Final/jboss-logging-annotations-2.2.1.Final.jar:/Users/eneidagonzales/.m2/repository/org/jboss/threads/jboss-threads/3.5.0.Final/jboss-threads-3.5.0.Final.jar:/Users/eneidagonzales/.m2/repository/org/slf4j/slf4j-api/2.0.6/slf4j-api-2.0.6.jar:/Users/eneidagonzales/.m2/repository/org/jboss/slf4j/slf4j-jboss-logmanager/2.0.0.Final/slf4j-jboss-logmanager-2.0.0.Final.jar:/Users/eneidagonzales/.m2/repository/org/graalvm/sdk/graal-sdk/22.3.2/graal-sdk-22.3.2.jar:/Users/eneidagonzales/.m2/repository/org/wildfly/common/wildfly-common/1.5.4.Final-format-001/wildfly-common-1.5.4.Final-format-001.jar:/Users/eneidagonzales/.m2/repository/io/quarkus/quarkus-bootstrap-runner/3.1.1.Final/quarkus-bootstrap-runner-3.1.1.Final.jar:/Users/eneidagonzales/.m2/repository/io/quarkus/quarkus-fs-util/0.0.9/quarkus-fs-util-0.0.9.jar:/Users/eneidagonzales/.m2/repository/org/eclipse/microprofile/context-propagation/microprofile-context-propagation-api/1.3/microprofile-context-propagation-api-1.3.jar:/Users/eneidagonzales/.m2/repository/io/quarkus/quarkus-reactive-routes/3.1.1.Final/quarkus-reactive-routes-3.1.1.Final.jar:/Users/eneidagonzales/.m2/repository/io/quarkus/quarkus-vertx/3.1.1.Final/quarkus-vertx-3.1.1.Final.jar:/Users/eneidagonzales/.m2/repository/io/quarkus/quarkus-netty/3.1.1.Final/quarkus-netty-3.1.1.Final.jar:/Users/eneidagonzales/.m2/repository/com/aayushatharva/brotli4j/brotli4j/1.11.0/brotli4j-1.11.0.jar:/Users/eneidagonzales/.m2/repository/com/aayushatharva/brotli4j/service/1.11.0/service-1.11.0.jar:/Users/eneidagonzales/.m2/repository/com/aayushatharva/brotli4j/native-osx-aarch64/1.11.0/native-osx-aarch64-1.11.0.jar:/Users/eneidagonzales/.m2/repository/io/netty/netty-codec-haproxy/4.1.92.Final/netty-codec-haproxy-4.1.92.Final.jar:/Users/eneidagonzales/.m2/repository/io/quarkus/quarkus-vertx-latebound-mdc-provider/3.1.1.Final/quarkus-vertx-latebound-mdc-provider-3.1.1.Final.jar:/Users/eneidagonzales/.m2/repository/io/smallrye/reactive/smallrye-mutiny-vertx-core/3.4.1/smallrye-mutiny-vertx-core-3.4.1.jar:/Users/eneidagonzales/.m2/repository/io/smallrye/reactive/smallrye-mutiny-vertx-runtime/3.4.1/smallrye-mutiny-vertx-runtime-3.4.1.jar:/Users/eneidagonzales/.m2/repository/io/smallrye/reactive/vertx-mutiny-generator/3.4.1/vertx-mutiny-generator-3.4.1.jar:/Users/eneidagonzales/.m2/repository/io/vertx/vertx-codegen/4.4.2/vertx-codegen-4.4.2.jar:/Users/eneidagonzales/.m2/repository/io/smallrye/smallrye-fault-tolerance-vertx/6.2.3/smallrye-fault-tolerance-vertx-6.2.3.jar:/Users/eneidagonzales/.m2/repository/io/quarkus/quarkus-jackson/3.1.1.Final/quarkus-jackson-3.1.1.Final.jar:/Users/eneidagonzales/.m2/repository/com/fasterxml/jackson/core/jackson-databind/2.15.2/jackson-databind-2.15.2.jar:/Users/eneidagonzales/.m2/repository/com/fasterxml/jackson/core/jackson-annotations/2.15.2/jackson-annotations-2.15.2.jar:/Users/eneidagonzales/.m2/repository/com/fasterxml/jackson/core/jackson-core/2.15.2/jackson-core-2.15.2.jar:/Users/eneidagonzales/.m2/repository/com/fasterxml/jackson/datatype/jackson-datatype-jsr310/2.15.2/jackson-datatype-jsr310-2.15.2.jar:/Users/eneidagonzales/.m2/repository/com/fasterxml/jackson/datatype/jackson-datatype-jdk8/2.15.2/jackson-datatype-jdk8-2.15.2.jar:/Users/eneidagonzales/.m2/repository/com/fasterxml/jackson/module/jackson-module-parameter-names/2.15.2/jackson-module-parameter-names-2.15.2.jar:/Users/eneidagonzales/.m2/repository/io/smallrye/common/smallrye-common-annotation/2.1.0/smallrye-common-annotation-2.1.0.jar:/Users/eneidagonzales/.m2/repository/io/quarkus/quarkus-funqy-http/3.1.1.Final/quarkus-funqy-http-3.1.1.Final.jar:/Users/eneidagonzales/.m2/repository/io/quarkus/quarkus-funqy-server-common/3.1.1.Final/quarkus-funqy-server-common-3.1.1.Final.jar:/Users/eneidagonzales/.m2/repository/io/quarkus/quarkus-amazon-lambda-rest/3.1.1.Final/quarkus-amazon-lambda-rest-3.1.1.Final.jar:/Users/eneidagonzales/.m2/repository/io/quarkus/quarkus-security/3.1.1.Final/quarkus-security-3.1.1.Final.jar:/Users/eneidagonzales/.m2/repository/io/quarkus/quarkus-amazon-lambda/3.1.1.Final/quarkus-amazon-lambda-3.1.1.Final.jar:/Users/eneidagonzales/.m2/repository/io/quarkus/quarkus-amazon-lambda-common/3.1.1.Final/quarkus-amazon-lambda-common-3.1.1.Final.jar:/Users/eneidagonzales/.m2/repository/com/amazonaws/aws-lambda-java-core/1.2.2/aws-lambda-java-core-1.2.2.jar:/Users/eneidagonzales/.m2/repository/com/amazonaws/aws-lambda-java-events/3.11.1/aws-lambda-java-events-3.11.1.jar:/Users/eneidagonzales/.m2/repository/com/fasterxml/jackson/datatype/jackson-datatype-joda/2.15.2/jackson-datatype-joda-2.15.2.jar:/Users/eneidagonzales/.m2/repository/joda-time/joda-time/2.10.14/joda-time-2.10.14.jar:/Users/eneidagonzales/.m2/repository/org/eclipse/microprofile/jwt/microprofile-jwt-auth-api/2.1/microprofile-jwt-auth-api-2.1.jar:/Users/eneidagonzales/.m2/repository/io/quarkus/quarkus-junit5/3.1.1.Final/quarkus-junit5-3.1.1.Final.jar:/Users/eneidagonzales/.m2/repository/io/quarkus/quarkus-bootstrap-core/3.1.1.Final/quarkus-bootstrap-core-3.1.1.Final.jar:/Users/eneidagonzales/.m2/repository/io/quarkus/quarkus-bootstrap-app-model/3.1.1.Final/quarkus-bootstrap-app-model-3.1.1.Final.jar:/Users/eneidagonzales/.m2/repository/io/smallrye/common/smallrye-common-io/2.1.0/smallrye-common-io-2.1.0.jar:/Users/eneidagonzales/.m2/repository/org/eclipse/sisu/org.eclipse.sisu.inject/0.3.5/org.eclipse.sisu.inject-0.3.5.jar:/Users/eneidagonzales/.m2/repository/io/quarkus/quarkus-test-common/3.1.1.Final/quarkus-test-common-3.1.1.Final.jar:/Users/eneidagonzales/.m2/repository/io/quarkus/quarkus-core-deployment/3.1.1.Final/quarkus-core-deployment-3.1.1.Final.jar:/Users/eneidagonzales/.m2/repository/org/aesh/readline/2.4/readline-2.4.jar:/Users/eneidagonzales/.m2/repository/org/fusesource/jansi/jansi/2.4.0/jansi-2.4.0.jar:/Users/eneidagonzales/.m2/repository/org/aesh/aesh/2.7/aesh-2.7.jar:/Users/eneidagonzales/.m2/repository/io/quarkus/gizmo/gizmo/1.6.1.Final/gizmo-1.6.1.Final.jar:/Users/eneidagonzales/.m2/repository/org/ow2/asm/asm-util/9.5/asm-util-9.5.jar:/Users/eneidagonzales/.m2/repository/org/ow2/asm/asm-analysis/9.5/asm-analysis-9.5.jar:/Users/eneidagonzales/.m2/repository/org/ow2/asm/asm/9.5/asm-9.5.jar:/Users/eneidagonzales/.m2/repository/org/ow2/asm/asm-commons/9.5/asm-commons-9.5.jar:/Users/eneidagonzales/.m2/repository/org/ow2/asm/asm-tree/9.5/asm-tree-9.5.jar:/Users/eneidagonzales/.m2/repository/io/quarkus/quarkus-class-change-agent/3.1.1.Final/quarkus-class-change-agent-3.1.1.Final.jar:/Users/eneidagonzales/.m2/repository/io/quarkus/quarkus-devtools-utilities/3.1.1.Final/quarkus-devtools-utilities-3.1.1.Final.jar:/Users/eneidagonzales/.m2/repository/io/quarkus/quarkus-builder/3.1.1.Final/quarkus-builder-3.1.1.Final.jar:/Users/eneidagonzales/.m2/repository/org/junit/platform/junit-platform-launcher/1.9.3/junit-platform-launcher-1.9.3.jar:/Users/eneidagonzales/.m2/repository/io/quarkus/quarkus-bootstrap-maven-resolver/3.1.1.Final/quarkus-bootstrap-maven-resolver-3.1.1.Final.jar:/Users/eneidagonzales/.m2/repository/io/smallrye/beanbag/smallrye-beanbag-maven/1.1.0/smallrye-beanbag-maven-1.1.0.jar:/Users/eneidagonzales/.m2/repository/io/smallrye/beanbag/smallrye-beanbag-sisu/1.1.0/smallrye-beanbag-sisu-1.1.0.jar:/Users/eneidagonzales/.m2/repository/io/smallrye/beanbag/smallrye-beanbag/1.1.0/smallrye-beanbag-1.1.0.jar:/Users/eneidagonzales/.m2/repository/javax/inject/javax.inject/1/javax.inject-1.jar:/Users/eneidagonzales/.m2/repository/org/apache/maven/maven-artifact/3.9.1/maven-artifact-3.9.1.jar:/Users/eneidagonzales/.m2/repository/org/apache/maven/maven-builder-support/3.9.1/maven-builder-support-3.9.1.jar:/Users/eneidagonzales/.m2/repository/org/apache/maven/maven-model/3.9.1/maven-model-3.9.1.jar:/Users/eneidagonzales/.m2/repository/org/apache/maven/maven-model-builder/3.9.1/maven-model-builder-3.9.1.jar:/Users/eneidagonzales/.m2/repository/org/apache/maven/maven-repository-metadata/3.9.1/maven-repository-metadata-3.9.1.jar:/Users/eneidagonzales/.m2/repository/org/apache/maven/maven-settings/3.9.1/maven-settings-3.9.1.jar:/Users/eneidagonzales/.m2/repository/org/apache/maven/resolver/maven-resolver-api/1.9.7/maven-resolver-api-1.9.7.jar:/Users/eneidagonzales/.m2/repository/org/apache/maven/resolver/maven-resolver-impl/1.9.7/maven-resolver-impl-1.9.7.jar:/Users/eneidagonzales/.m2/repository/org/apache/maven/resolver/maven-resolver-named-locks/1.9.7/maven-resolver-named-locks-1.9.7.jar:/Users/eneidagonzales/.m2/repository/org/apache/maven/resolver/maven-resolver-spi/1.9.7/maven-resolver-spi-1.9.7.jar:/Users/eneidagonzales/.m2/repository/org/apache/maven/resolver/maven-resolver-util/1.9.7/maven-resolver-util-1.9.7.jar:/Users/eneidagonzales/.m2/repository/org/apache/maven/wagon/wagon-provider-api/3.5.3/wagon-provider-api-3.5.3.jar:/Users/eneidagonzales/.m2/repository/org/apache/maven/wagon/wagon-http-lightweight/3.5.3/wagon-http-lightweight-3.5.3.jar:/Users/eneidagonzales/.m2/repository/org/apache/maven/wagon/wagon-http-shared/3.5.3/wagon-http-shared-3.5.3.jar:/Users/eneidagonzales/.m2/repository/org/codehaus/plexus/plexus-interpolation/1.26/plexus-interpolation-1.26.jar:/Users/eneidagonzales/.m2/repository/org/codehaus/plexus/plexus-utils/3.5.1/plexus-utils-3.5.1.jar:/Users/eneidagonzales/.m2/repository/org/sonatype/plexus/plexus-cipher/1.7/plexus-cipher-1.7.jar:/Users/eneidagonzales/.m2/repository/org/sonatype/plexus/plexus-sec-dispatcher/1.4/plexus-sec-dispatcher-1.4.jar:/Users/eneidagonzales/.m2/repository/org/apache/maven/maven-embedder/3.9.1/maven-embedder-3.9.1.jar:/Users/eneidagonzales/.m2/repository/org/apache/maven/maven-core/3.9.1/maven-core-3.9.1.jar:/Users/eneidagonzales/.m2/repository/org/codehaus/plexus/plexus-component-annotations/2.1.0/plexus-component-annotations-2.1.0.jar:/Users/eneidagonzales/.m2/repository/org/apache/maven/maven-plugin-api/3.9.1/maven-plugin-api-3.9.1.jar:/Users/eneidagonzales/.m2/repository/org/apache/maven/shared/maven-shared-utils/3.3.4/maven-shared-utils-3.3.4.jar:/Users/eneidagonzales/.m2/repository/com/google/inject/guice/5.1.0/guice-5.1.0.jar:/Users/eneidagonzales/.m2/repository/aopalliance/aopalliance/1.0/aopalliance-1.0.jar:/Users/eneidagonzales/.m2/repository/com/google/guava/guava/31.1-jre/guava-31.1-jre.jar:/Users/eneidagonzales/.m2/repository/com/google/guava/failureaccess/1.0.1/failureaccess-1.0.1.jar:/Users/eneidagonzales/.m2/repository/javax/annotation/javax.annotation-api/1.3.2/javax.annotation-api-1.3.2.jar:/Users/eneidagonzales/.m2/repository/org/codehaus/plexus/plexus-classworlds/2.6.0/plexus-classworlds-2.6.0.jar:/Users/eneidagonzales/.m2/repository/org/codehaus/plexus/plexus-sec-dispatcher/2.0/plexus-sec-dispatcher-2.0.jar:/Users/eneidagonzales/.m2/repository/org/codehaus/plexus/plexus-cipher/2.0/plexus-cipher-2.0.jar:/Users/eneidagonzales/.m2/repository/commons-cli/commons-cli/1.4/commons-cli-1.4.jar:/Users/eneidagonzales/.m2/repository/org/eclipse/sisu/org.eclipse.sisu.plexus/0.3.5/org.eclipse.sisu.plexus-0.3.5.jar:/Users/eneidagonzales/.m2/repository/org/apache/maven/maven-settings-builder/3.9.1/maven-settings-builder-3.9.1.jar:/Users/eneidagonzales/.m2/repository/org/apache/maven/maven-resolver-provider/3.9.1/maven-resolver-provider-3.9.1.jar:/Users/eneidagonzales/.m2/repository/org/apache/maven/resolver/maven-resolver-connector-basic/1.9.7/maven-resolver-connector-basic-1.9.7.jar:/Users/eneidagonzales/.m2/repository/org/apache/maven/resolver/maven-resolver-transport-wagon/1.9.7/maven-resolver-transport-wagon-1.9.7.jar:/Users/eneidagonzales/.m2/repository/org/apache/maven/wagon/wagon-http/3.5.3/wagon-http-3.5.3.jar:/Users/eneidagonzales/.m2/repository/org/apache/maven/wagon/wagon-file/3.5.3/wagon-file-3.5.3.jar:/Users/eneidagonzales/.m2/repository/io/quarkus/quarkus-bootstrap-gradle-resolver/3.1.1.Final/quarkus-bootstrap-gradle-resolver-3.1.1.Final.jar:/Users/eneidagonzales/.m2/repository/io/smallrye/jandex/3.1.1/jandex-3.1.1.jar:/Users/eneidagonzales/.m2/repository/commons-io/commons-io/2.11.0/commons-io-2.11.0.jar:/Users/eneidagonzales/.m2/repository/org/jboss/logging/commons-logging-jboss-logging/1.0.0.Final/commons-logging-jboss-logging-1.0.0.Final.jar:/Users/eneidagonzales/.m2/repository/io/quarkus/quarkus-junit5-properties/3.1.1.Final/quarkus-junit5-properties-3.1.1.Final.jar:/Users/eneidagonzales/.m2/repository/org/junit/jupiter/junit-jupiter/5.9.3/junit-jupiter-5.9.3.jar:/Users/eneidagonzales/.m2/repository/org/junit/jupiter/junit-jupiter-api/5.9.3/junit-jupiter-api-5.9.3.jar:/Users/eneidagonzales/.m2/repository/org/opentest4j/opentest4j/1.2.0/opentest4j-1.2.0.jar:/Users/eneidagonzales/.m2/repository/org/junit/platform/junit-platform-commons/1.9.3/junit-platform-commons-1.9.3.jar:/Users/eneidagonzales/.m2/repository/org/apiguardian/apiguardian-api/1.1.2/apiguardian-api-1.1.2.jar:/Users/eneidagonzales/.m2/repository/org/junit/jupiter/junit-jupiter-params/5.9.3/junit-jupiter-params-5.9.3.jar:/Users/eneidagonzales/.m2/repository/org/junit/jupiter/junit-jupiter-engine/5.9.3/junit-jupiter-engine-5.9.3.jar:/Users/eneidagonzales/.m2/repository/org/junit/platform/junit-platform-engine/1.9.3/junit-platform-engine-1.9.3.jar:/Users/eneidagonzales/.m2/repository/com/thoughtworks/xstream/xstream/1.4.20/xstream-1.4.20.jar:/Users/eneidagonzales/.m2/repository/io/github/x-stream/mxparser/1.2.2/mxparser-1.2.2.jar:/Users/eneidagonzales/.m2/repository/xmlpull/xmlpull/1.1.3.1/xmlpull-1.1.3.1.jar:/Users/eneidagonzales/.m2/repository/io/rest-assured/rest-assured/5.3.0/rest-assured-5.3.0.jar:/Users/eneidagonzales/.m2/repository/org/apache/groovy/groovy/4.0.6/groovy-4.0.6.jar:/Users/eneidagonzales/.m2/repository/org/apache/groovy/groovy-xml/4.0.6/groovy-xml-4.0.6.jar:/Users/eneidagonzales/.m2/repository/org/apache/httpcomponents/httpclient/4.5.14/httpclient-4.5.14.jar:/Users/eneidagonzales/.m2/repository/org/apache/httpcomponents/httpcore/4.4.16/httpcore-4.4.16.jar:/Users/eneidagonzales/.m2/repository/commons-codec/commons-codec/1.15/commons-codec-1.15.jar:/Users/eneidagonzales/.m2/repository/org/apache/httpcomponents/httpmime/4.5.14/httpmime-4.5.14.jar:/Users/eneidagonzales/.m2/repository/org/hamcrest/hamcrest/2.1/hamcrest-2.1.jar:/Users/eneidagonzales/.m2/repository/org/ccil/cowan/tagsoup/tagsoup/1.2.1/tagsoup-1.2.1.jar:/Users/eneidagonzales/.m2/repository/io/rest-assured/json-path/5.3.0/json-path-5.3.0.jar:/Users/eneidagonzales/.m2/repository/org/apache/groovy/groovy-json/4.0.6/groovy-json-4.0.6.jar:/Users/eneidagonzales/.m2/repository/io/rest-assured/rest-assured-common/5.3.0/rest-assured-common-5.3.0.jar:/Users/eneidagonzales/.m2/repository/io/rest-assured/xml-path/5.3.0/xml-path-5.3.0.jar:/Users/eneidagonzales/.m2/repository/org/apache/commons/commons-lang3/3.12.0/commons-lang3-3.12.0.jar:"/>
    <property name="sun.cpu.endian" value="little"/>
    <property name="vertx.disableWebsockets" value="true"/>
    <property name="user.home" value="/Users/eneidagonzales"/>
    <property name="user.language" value="en"/>
    <property name="jboss.log-version" value="false"/>
    <property name="java.specification.vendor" value="Oracle Corporation"/>
    <property name="io.netty.allocator.maxOrder" value="3"/>
    <property name="java.version.date" value="2022-10-18"/>
    <property name="java.home" value="/Library/Java/JavaVirtualMachines/temurin-11.jdk/Contents/Home"/>
    <property name="file.separator" value="/"/>
    <property name="style.color" value="always"/>
    <property name="basedir" value="/Users/eneidagonzales/proyects/git/cirrus-git-hub/eventos.bo/backend/lambda-quarkus-tickets-eneida/lambda-quarkus-tickets-eneida"/>
    <property name="java.vm.compressedOopsMode" value="Zero based"/>
    <property name="line.separator" value="&#10;"/>
    <property name="java.specification.name" value="Java Platform API Specification"/>
    <property name="java.vm.specification.vendor" value="Oracle Corporation"/>
    <property name="java.awt.graphicsenv" value="sun.awt.CGraphicsEnvironment"/>
    <property name="surefire.real.class.path" value="/Users/eneidagonzales/proyects/git/cirrus-git-hub/eventos.bo/backend/lambda-quarkus-tickets-eneida/lambda-quarkus-tickets-eneida/target/surefire/surefirebooter-20230614182828536_3.jar"/>
    <property name="sun.management.compiler" value="HotSpot 64-Bit Tiered Compilers"/>
    <property name="ftp.nonProxyHosts" value="local|*.local|169.254/16|*.169.254/16"/>
    <property name="java.runtime.version" value="11.0.17+8"/>
    <property name="user.name" value="eneidagonzales"/>
    <property name="dev.resteasy.exception.mapper" value="false"/>
    <property name="path.separator" value=":"/>
    <property name="os.version" value="13.1"/>
    <property name="java.runtime.name" value="OpenJDK Runtime Environment"/>
    <property name="file.encoding" value="UTF-8"/>
    <property name="java.vm.name" value="OpenJDK 64-Bit Server VM"/>
    <property name="java.vendor.version" value="Temurin-11.0.17+8"/>
    <property name="localRepository" value="/Users/eneidagonzales/.m2/repository"/>
    <property name="java.vendor.url.bug" value="https://github.com/adoptium/adoptium-support/issues"/>
    <property name="java.io.tmpdir" value="/var/folders/4_/x8d83jt17r99xdy323wdj9740000gn/T/"/>
    <property name="quarkus.log.file.path" value="target/quarkus.log"/>
    <property name="java.version" value="11.0.17"/>
    <property name="java.util.concurrent.ForkJoinPool.common.threadFactory" value="io.quarkus.bootstrap.forkjoin.QuarkusForkJoinWorkerThreadFactory"/>
    <property name="user.dir" value="/Users/eneidagonzales/proyects/git/cirrus-git-hub/eventos.bo/backend/lambda-quarkus-tickets-eneida/lambda-quarkus-tickets-eneida"/>
    <property name="os.arch" value="aarch64"/>
    <property name="java.vm.specification.name" value="Java Virtual Machine Specification"/>
    <property name="vertx.disableDnsResolver" value="true"/>
    <property name="java.awt.printerjob" value="sun.lwawt.macosx.CPrinterJob"/>
    <property name="sun.os.patch.level" value="unknown"/>
    <property name="com.amazonaws.xray.traceHeader" value="e5602d2d-709f-4437-87ea-0adb05532f7c"/>
    <property name="java.util.logging.manager" value="org.jboss.logmanager.LogManager"/>
    <property name="java.library.path" value="/Users/eneidagonzales/Library/Java/Extensions:/Library/Java/Extensions:/Network/Library/Java/Extensions:/System/Library/Java/Extensions:/usr/lib/java:."/>
    <property name="java.vm.info" value="mixed mode"/>
    <property name="java.vendor" value="Eclipse Adoptium"/>
    <property name="vertx.disableTCCL" value="true"/>
    <property name="java.vm.version" value="11.0.17+8"/>
    <property name="sun.io.unicode.encoding" value="UnicodeBig"/>
    <property name="io.netty.machineId" value="4a:b0:cf:74:a4:50:9b:05"/>
    <property name="java.class.version" value="55.0"/>
    <property name="socksNonProxyHosts" value="local|*.local|169.254/16|*.169.254/16"/>
  </properties>
  <testcase name="testFunqy" classname="bo.cirrus.tickets.eneida.GreetingTest" time="0.66">
    <system-out><![CDATA[2023-06-14 18:28:30,062 INFO  [io.qua.ama.lam.run.MockEventServer] (build-57) Mock Lambda Event Server Started
2023-06-14 18:28:30,631 INFO  [io.qua.ama.lam.run.AbstractLambdaPollLoop] (Lambda Thread (TEST)) Listening on: http://localhost:8081/_lambda_/2018-06-01/runtime/invocation/next
2023-06-14 18:28:30,651 INFO  [io.quarkus] (main) lambda-quarkus-tickets-eneida 1.0.0 on JVM (powered by Quarkus 3.1.1.Final) started in 1.335s. 
2023-06-14 18:28:30,651 INFO  [io.quarkus] (main) Profile test activated. 
2023-06-14 18:28:30,651 INFO  [io.quarkus] (main) Installed features: [amazon-lambda, cdi, funqy-http, reactive-routes, resteasy, security, servlet, smallrye-context-propagation, vertx]
]]></system-out>
  </testcase>
  <testcase name="testJaxrs" classname="bo.cirrus.tickets.eneida.GreetingTest" time="0.04">
    <system-out><![CDATA[Hello World with JAXRS nueva función!
]]></system-out>
  </testcase>
  <testcase name="testVertx" classname="bo.cirrus.tickets.eneida.GreetingTest" time="0.01">
    <system-out><![CDATA[Hello World with VERTX!
]]></system-out>
  </testcase>
  <testcase name="testJaxrs2" classname="bo.cirrus.tickets.eneida.GreetingTest" time="0.008">
    <system-out><![CDATA[Hello World with JAXRS nueva función!
]]></system-out>
  </testcase>
  <testcase name="testServlet" classname="bo.cirrus.tickets.eneida.GreetingTest" time="0.007">
    <system-out><![CDATA[Hello World SERVLET JAXRS!
]]></system-out>
  </testcase>
</testsuite>